running egg_info
writing ../build/fruit_sorting_webots/fruit_sorting_webots.egg-info/PKG-INFO
writing dependency_links to ../build/fruit_sorting_webots/fruit_sorting_webots.egg-info/dependency_links.txt
writing entry points to ../build/fruit_sorting_webots/fruit_sorting_webots.egg-info/entry_points.txt
writing requirements to ../build/fruit_sorting_webots/fruit_sorting_webots.egg-info/requires.txt
writing top-level names to ../build/fruit_sorting_webots/fruit_sorting_webots.egg-info/top_level.txt
reading manifest file '../build/fruit_sorting_webots/fruit_sorting_webots.egg-info/SOURCES.txt'
writing manifest file '../build/fruit_sorting_webots/fruit_sorting_webots.egg-info/SOURCES.txt'
running build
running build_py
running install
running install_lib
running install_data
copying launch/robot_launch.py -> /home/lucas-pc/ws_fruit_sorting/install/fruit_sorting_webots/share/fruit_sorting_webots/launch
copying controllers/fruit_sorting_ctrl_opencv/fruit_sorting_ctrl_opencv.py -> /home/lucas-pc/ws_fruit_sorting/install/fruit_sorting_webots/share/fruit_sorting_webots/controllers/fruit_sorting_ctrl_opencv/.
running install_egg_info
removing '/home/lucas-pc/ws_fruit_sorting/install/fruit_sorting_webots/lib/python3.10/site-packages/fruit_sorting_webots-0.0.0-py3.10.egg-info' (and everything under it)
Copying ../build/fruit_sorting_webots/fruit_sorting_webots.egg-info to /home/lucas-pc/ws_fruit_sorting/install/fruit_sorting_webots/lib/python3.10/site-packages/fruit_sorting_webots-0.0.0-py3.10.egg-info
running install_scripts
writing list of installed files to '/home/lucas-pc/ws_fruit_sorting/build/fruit_sorting_webots/install.log'
