[0.447s] DEBUG:colcon:Command line arguments: ['/usr/bin/colcon', 'build']
[0.447s] DEBUG:colcon:Parsed command line arguments: Namespace(log_base=None, log_level=None, verb_name='build', build_base='build', install_base='install', merge_install=False, symlink_install=False, test_result_base=None, continue_on_error=False, executor='parallel', parallel_workers=24, event_handlers=None, ignore_user_meta=False, metas=['./colcon.meta'], base_paths=['.'], packages_ignore=None, packages_ignore_regex=None, paths=None, packages_up_to=None, packages_up_to_regex=None, packages_above=None, packages_above_and_dependencies=None, packages_above_depth=None, packages_select_by_dep=None, packages_skip_by_dep=None, packages_skip_up_to=None, packages_select_build_failed=False, packages_skip_build_finished=False, packages_select_test_failures=False, packages_skip_test_passed=False, packages_select=None, packages_skip=None, packages_select_regex=None, packages_skip_regex=None, packages_start=None, packages_end=None, allow_overriding=[], cmake_args=None, cmake_target=None, cmake_target_skip_unavailable=False, cmake_clean_cache=False, cmake_clean_first=False, cmake_force_configure=False, ament_cmake_args=None, catkin_cmake_args=None, catkin_skip_building_tests=False, mixin_files=None, mixin=None, verb_parser=<colcon_mixin.mixin.mixin_argument.MixinArgumentDecorator object at 0x7a039dea7f10>, verb_extension=<colcon_core.verb.build.BuildVerb object at 0x7a039dea7790>, main=<bound method BuildVerb.main of <colcon_core.verb.build.BuildVerb object at 0x7a039dea7790>>, mixin_verb=('build',))
[0.860s] Level 1:colcon.colcon_core.package_discovery:discover_packages(colcon_meta) check parameters
[0.860s] Level 1:colcon.colcon_core.package_discovery:discover_packages(recursive) check parameters
[0.860s] Level 1:colcon.colcon_core.package_discovery:discover_packages(ignore) check parameters
[0.860s] Level 1:colcon.colcon_core.package_discovery:discover_packages(path) check parameters
[0.860s] Level 1:colcon.colcon_core.package_discovery:discover_packages(colcon_meta) discover
[0.860s] Level 1:colcon.colcon_core.package_discovery:discover_packages(recursive) discover
[0.860s] INFO:colcon.colcon_core.package_discovery:Crawling recursively for packages in '/home/lucas-pc/ws_fruit_sorting'
[0.860s] Level 1:colcon.colcon_core.package_identification:_identify(.) by extensions ['ignore', 'ignore_ament_install']
[0.860s] Level 1:colcon.colcon_core.package_identification:_identify(.) by extension 'ignore'
[0.860s] Level 1:colcon.colcon_core.package_identification:_identify(.) by extension 'ignore_ament_install'
[0.860s] Level 1:colcon.colcon_core.package_identification:_identify(.) by extensions ['colcon_pkg']
[0.860s] Level 1:colcon.colcon_core.package_identification:_identify(.) by extension 'colcon_pkg'
[0.860s] Level 1:colcon.colcon_core.package_identification:_identify(.) by extensions ['colcon_meta']
[0.860s] Level 1:colcon.colcon_core.package_identification:_identify(.) by extension 'colcon_meta'
[0.860s] Level 1:colcon.colcon_core.package_identification:_identify(.) by extensions ['ros']
[0.860s] Level 1:colcon.colcon_core.package_identification:_identify(.) by extension 'ros'
[0.874s] Level 1:colcon.colcon_core.package_identification:_identify(.) by extensions ['cmake', 'python']
[0.874s] Level 1:colcon.colcon_core.package_identification:_identify(.) by extension 'cmake'
[0.874s] Level 1:colcon.colcon_core.package_identification:_identify(.) by extension 'python'
[0.875s] Level 1:colcon.colcon_core.package_identification:_identify(.) by extensions ['python_setup_py']
[0.875s] Level 1:colcon.colcon_core.package_identification:_identify(.) by extension 'python_setup_py'
[0.875s] Level 1:colcon.colcon_core.package_identification:_identify(build) by extensions ['ignore', 'ignore_ament_install']
[0.875s] Level 1:colcon.colcon_core.package_identification:_identify(build) by extension 'ignore'
[0.875s] Level 1:colcon.colcon_core.package_identification:_identify(build) ignored
[0.875s] Level 1:colcon.colcon_core.package_identification:_identify(fruit_sorting_webots) by extensions ['ignore', 'ignore_ament_install']
[0.875s] Level 1:colcon.colcon_core.package_identification:_identify(fruit_sorting_webots) by extension 'ignore'
[0.875s] Level 1:colcon.colcon_core.package_identification:_identify(fruit_sorting_webots) by extension 'ignore_ament_install'
[0.875s] Level 1:colcon.colcon_core.package_identification:_identify(fruit_sorting_webots) by extensions ['colcon_pkg']
[0.875s] Level 1:colcon.colcon_core.package_identification:_identify(fruit_sorting_webots) by extension 'colcon_pkg'
[0.875s] Level 1:colcon.colcon_core.package_identification:_identify(fruit_sorting_webots) by extensions ['colcon_meta']
[0.875s] Level 1:colcon.colcon_core.package_identification:_identify(fruit_sorting_webots) by extension 'colcon_meta'
[0.875s] Level 1:colcon.colcon_core.package_identification:_identify(fruit_sorting_webots) by extensions ['ros']
[0.875s] Level 1:colcon.colcon_core.package_identification:_identify(fruit_sorting_webots) by extension 'ros'
[0.878s] DEBUG:colcon.colcon_core.package_identification:Package 'fruit_sorting_webots' with type 'ros.ament_python' and name 'fruit_sorting_webots'
[0.878s] Level 1:colcon.colcon_core.package_identification:_identify(install) by extensions ['ignore', 'ignore_ament_install']
[0.878s] Level 1:colcon.colcon_core.package_identification:_identify(install) by extension 'ignore'
[0.878s] Level 1:colcon.colcon_core.package_identification:_identify(install) ignored
[0.878s] Level 1:colcon.colcon_core.package_identification:_identify(log) by extensions ['ignore', 'ignore_ament_install']
[0.878s] Level 1:colcon.colcon_core.package_identification:_identify(log) by extension 'ignore'
[0.878s] Level 1:colcon.colcon_core.package_identification:_identify(log) ignored
[0.878s] Level 1:colcon.colcon_core.package_discovery:discover_packages(recursive) using defaults
[0.878s] Level 1:colcon.colcon_core.package_discovery:discover_packages(ignore) discover
[0.878s] Level 1:colcon.colcon_core.package_discovery:discover_packages(ignore) using defaults
[0.878s] Level 1:colcon.colcon_core.package_discovery:discover_packages(path) discover
[0.878s] Level 1:colcon.colcon_core.package_discovery:discover_packages(path) using defaults
[0.928s] Level 1:colcon.colcon_core.package_discovery:discover_packages(prefix_path) check parameters
[0.928s] Level 1:colcon.colcon_core.package_discovery:discover_packages(prefix_path) discover
[0.942s] DEBUG:colcon.colcon_installed_package_information.package_discovery:Found 2 installed packages in /home/lucas-pc/RoboticArm/install
[0.943s] DEBUG:colcon.colcon_installed_package_information.package_discovery:Found 0 installed packages in /home/lucas-pc/ros2_ws/install
[0.951s] DEBUG:colcon.colcon_installed_package_information.package_discovery:Found 346 installed packages in /home/lucas-pc/ros2_humble/install
[0.953s] DEBUG:colcon.colcon_installed_package_information.package_discovery:Found 216 installed packages in /opt/ros/humble
[0.958s] Level 1:colcon.colcon_core.package_discovery:discover_packages(prefix_path) using defaults
[1.672s] Level 5:colcon.colcon_core.verb:set package 'fruit_sorting_webots' build argument 'cmake_args' from command line to 'None'
[1.673s] Level 5:colcon.colcon_core.verb:set package 'fruit_sorting_webots' build argument 'cmake_target' from command line to 'None'
[1.673s] Level 5:colcon.colcon_core.verb:set package 'fruit_sorting_webots' build argument 'cmake_target_skip_unavailable' from command line to 'False'
[1.673s] Level 5:colcon.colcon_core.verb:set package 'fruit_sorting_webots' build argument 'cmake_clean_cache' from command line to 'False'
[1.673s] Level 5:colcon.colcon_core.verb:set package 'fruit_sorting_webots' build argument 'cmake_clean_first' from command line to 'False'
[1.673s] Level 5:colcon.colcon_core.verb:set package 'fruit_sorting_webots' build argument 'cmake_force_configure' from command line to 'False'
[1.673s] Level 5:colcon.colcon_core.verb:set package 'fruit_sorting_webots' build argument 'ament_cmake_args' from command line to 'None'
[1.673s] Level 5:colcon.colcon_core.verb:set package 'fruit_sorting_webots' build argument 'catkin_cmake_args' from command line to 'None'
[1.673s] Level 5:colcon.colcon_core.verb:set package 'fruit_sorting_webots' build argument 'catkin_skip_building_tests' from command line to 'False'
[1.673s] DEBUG:colcon.colcon_core.verb:Building package 'fruit_sorting_webots' with the following arguments: {'ament_cmake_args': None, 'build_base': '/home/lucas-pc/ws_fruit_sorting/build/fruit_sorting_webots', 'catkin_cmake_args': None, 'catkin_skip_building_tests': False, 'cmake_args': None, 'cmake_clean_cache': False, 'cmake_clean_first': False, 'cmake_force_configure': False, 'cmake_target': None, 'cmake_target_skip_unavailable': False, 'install_base': '/home/lucas-pc/ws_fruit_sorting/install/fruit_sorting_webots', 'merge_install': False, 'path': '/home/lucas-pc/ws_fruit_sorting/fruit_sorting_webots', 'symlink_install': False, 'test_result_base': None}
[1.673s] INFO:colcon.colcon_core.executor:Executing jobs using 'parallel' executor
[1.674s] DEBUG:colcon.colcon_parallel_executor.executor.parallel:run_until_complete
[1.674s] INFO:colcon.colcon_ros.task.ament_python.build:Building ROS package in '/home/lucas-pc/ws_fruit_sorting/fruit_sorting_webots' with build type 'ament_python'
[1.674s] Level 1:colcon.colcon_core.shell:create_environment_hook('fruit_sorting_webots', 'ament_prefix_path')
[1.682s] INFO:colcon.colcon_core.plugin_system:Skipping extension 'colcon_core.shell.bat': Not used on non-Windows systems
[1.682s] INFO:colcon.colcon_core.shell:Creating environment hook '/home/lucas-pc/ws_fruit_sorting/install/fruit_sorting_webots/share/fruit_sorting_webots/hook/ament_prefix_path.ps1'
[1.684s] INFO:colcon.colcon_core.shell:Creating environment descriptor '/home/lucas-pc/ws_fruit_sorting/install/fruit_sorting_webots/share/fruit_sorting_webots/hook/ament_prefix_path.dsv'
[1.684s] INFO:colcon.colcon_core.shell:Creating environment hook '/home/lucas-pc/ws_fruit_sorting/install/fruit_sorting_webots/share/fruit_sorting_webots/hook/ament_prefix_path.sh'
[1.685s] INFO:colcon.colcon_core.shell:Skip shell extension 'powershell' for command environment: Not usable outside of PowerShell
[1.685s] DEBUG:colcon.colcon_core.shell:Skip shell extension 'dsv' for command environment
[2.126s] INFO:colcon.colcon_core.task.python.build:Building Python package in '/home/lucas-pc/ws_fruit_sorting/fruit_sorting_webots'
[2.126s] INFO:colcon.colcon_core.shell:Skip shell extension 'powershell' for command environment: Not usable outside of PowerShell
[2.126s] DEBUG:colcon.colcon_core.shell:Skip shell extension 'dsv' for command environment
[2.865s] DEBUG:colcon.colcon_core.event_handler.log_command:Invoking command in '/home/lucas-pc/ws_fruit_sorting/fruit_sorting_webots': PS1=\[\033[01;32m\]\u@\h\[\033[00m\]:\[\033[01;34m\]\w\[\033[01;91m\]$(parse_git_branch)\[\033[00m\]$ PYTHONPATH=/home/lucas-pc/ws_fruit_sorting/build/fruit_sorting_webots/prefix_override:/usr/lib/python3/dist-packages/colcon_core/task/python/colcon_distutils_commands:/home/lucas-pc/ws_fruit_sorting/install/fruit_sorting_webots/lib/python3.10/site-packages:${PYTHONPATH} /usr/bin/python3 -W ignore:setup.py install is deprecated -W ignore:easy_install command is deprecated setup.py egg_info --egg-base ../build/fruit_sorting_webots build --build-base /home/lucas-pc/ws_fruit_sorting/build/fruit_sorting_webots/build install --record /home/lucas-pc/ws_fruit_sorting/build/fruit_sorting_webots/install.log --single-version-externally-managed install_data
[3.342s] DEBUG:colcon.colcon_core.event_handler.log_command:Invoked command in '/home/lucas-pc/ws_fruit_sorting/fruit_sorting_webots' returned '0': PS1=\[\033[01;32m\]\u@\h\[\033[00m\]:\[\033[01;34m\]\w\[\033[01;91m\]$(parse_git_branch)\[\033[00m\]$ PYTHONPATH=/home/lucas-pc/ws_fruit_sorting/build/fruit_sorting_webots/prefix_override:/usr/lib/python3/dist-packages/colcon_core/task/python/colcon_distutils_commands:/home/lucas-pc/ws_fruit_sorting/install/fruit_sorting_webots/lib/python3.10/site-packages:${PYTHONPATH} /usr/bin/python3 -W ignore:setup.py install is deprecated -W ignore:easy_install command is deprecated setup.py egg_info --egg-base ../build/fruit_sorting_webots build --build-base /home/lucas-pc/ws_fruit_sorting/build/fruit_sorting_webots/build install --record /home/lucas-pc/ws_fruit_sorting/build/fruit_sorting_webots/install.log --single-version-externally-managed install_data
[3.348s] Level 1:colcon.colcon_core.environment:checking '/home/lucas-pc/ws_fruit_sorting/install/fruit_sorting_webots' for CMake module files
[3.349s] Level 1:colcon.colcon_core.environment:checking '/home/lucas-pc/ws_fruit_sorting/install/fruit_sorting_webots' for CMake config files
[3.350s] Level 1:colcon.colcon_core.environment:checking '/home/lucas-pc/ws_fruit_sorting/install/fruit_sorting_webots/lib'
[3.350s] Level 1:colcon.colcon_core.environment:checking '/home/lucas-pc/ws_fruit_sorting/install/fruit_sorting_webots/bin'
[3.350s] Level 1:colcon.colcon_core.environment:checking '/home/lucas-pc/ws_fruit_sorting/install/fruit_sorting_webots/lib/pkgconfig/fruit_sorting_webots.pc'
[3.350s] Level 1:colcon.colcon_core.environment:checking '/home/lucas-pc/ws_fruit_sorting/install/fruit_sorting_webots/lib/python3.10/site-packages'
[3.350s] Level 1:colcon.colcon_core.shell:create_environment_hook('fruit_sorting_webots', 'pythonpath')
[3.350s] INFO:colcon.colcon_core.shell:Creating environment hook '/home/lucas-pc/ws_fruit_sorting/install/fruit_sorting_webots/share/fruit_sorting_webots/hook/pythonpath.ps1'
[3.350s] INFO:colcon.colcon_core.shell:Creating environment descriptor '/home/lucas-pc/ws_fruit_sorting/install/fruit_sorting_webots/share/fruit_sorting_webots/hook/pythonpath.dsv'
[3.351s] INFO:colcon.colcon_core.shell:Creating environment hook '/home/lucas-pc/ws_fruit_sorting/install/fruit_sorting_webots/share/fruit_sorting_webots/hook/pythonpath.sh'
[3.351s] Level 1:colcon.colcon_core.environment:checking '/home/lucas-pc/ws_fruit_sorting/install/fruit_sorting_webots/bin'
[3.351s] Level 1:colcon.colcon_core.environment:create_environment_scripts_only(fruit_sorting_webots)
[3.351s] INFO:colcon.colcon_core.shell:Creating package script '/home/lucas-pc/ws_fruit_sorting/install/fruit_sorting_webots/share/fruit_sorting_webots/package.ps1'
[3.352s] INFO:colcon.colcon_core.shell:Creating package descriptor '/home/lucas-pc/ws_fruit_sorting/install/fruit_sorting_webots/share/fruit_sorting_webots/package.dsv'
[3.353s] INFO:colcon.colcon_core.shell:Creating package script '/home/lucas-pc/ws_fruit_sorting/install/fruit_sorting_webots/share/fruit_sorting_webots/package.sh'
[3.354s] INFO:colcon.colcon_core.shell:Creating package script '/home/lucas-pc/ws_fruit_sorting/install/fruit_sorting_webots/share/fruit_sorting_webots/package.bash'
[3.354s] INFO:colcon.colcon_core.shell:Creating package script '/home/lucas-pc/ws_fruit_sorting/install/fruit_sorting_webots/share/fruit_sorting_webots/package.zsh'
[3.355s] Level 1:colcon.colcon_core.environment:create_file_with_runtime_dependencies(/home/lucas-pc/ws_fruit_sorting/install/fruit_sorting_webots/share/colcon-core/packages/fruit_sorting_webots)
[3.355s] DEBUG:colcon.colcon_parallel_executor.executor.parallel:closing loop
[3.356s] DEBUG:colcon.colcon_parallel_executor.executor.parallel:loop closed
[3.356s] DEBUG:colcon.colcon_parallel_executor.executor.parallel:run_until_complete finished with '0'
[3.356s] DEBUG:colcon.colcon_core.event_reactor:joining thread
[3.367s] INFO:colcon.colcon_core.plugin_system:Skipping extension 'colcon_notification.desktop_notification.terminal_notifier': Not used on non-Darwin systems
[3.367s] INFO:colcon.colcon_core.plugin_system:Skipping extension 'colcon_notification.desktop_notification.win32': Not used on non-Windows systems
[3.368s] INFO:colcon.colcon_notification.desktop_notification:Sending desktop notification using 'notify2'
[3.376s] DEBUG:colcon.colcon_core.event_reactor:joined thread
[3.377s] INFO:colcon.colcon_core.shell:Creating prefix script '/home/lucas-pc/ws_fruit_sorting/install/local_setup.ps1'
[3.377s] INFO:colcon.colcon_core.shell:Creating prefix util module '/home/lucas-pc/ws_fruit_sorting/install/_local_setup_util_ps1.py'
[3.378s] INFO:colcon.colcon_core.shell:Creating prefix chain script '/home/lucas-pc/ws_fruit_sorting/install/setup.ps1'
[3.389s] INFO:colcon.colcon_core.shell:Creating prefix script '/home/lucas-pc/ws_fruit_sorting/install/local_setup.sh'
[3.389s] INFO:colcon.colcon_core.shell:Creating prefix util module '/home/lucas-pc/ws_fruit_sorting/install/_local_setup_util_sh.py'
[3.390s] INFO:colcon.colcon_core.shell:Creating prefix chain script '/home/lucas-pc/ws_fruit_sorting/install/setup.sh'
[3.400s] INFO:colcon.colcon_core.shell:Creating prefix script '/home/lucas-pc/ws_fruit_sorting/install/local_setup.bash'
[3.400s] INFO:colcon.colcon_core.shell:Creating prefix chain script '/home/lucas-pc/ws_fruit_sorting/install/setup.bash'
[3.411s] INFO:colcon.colcon_core.shell:Creating prefix script '/home/lucas-pc/ws_fruit_sorting/install/local_setup.zsh'
[3.411s] INFO:colcon.colcon_core.shell:Creating prefix chain script '/home/lucas-pc/ws_fruit_sorting/install/setup.zsh'
