running develop
running egg_info
creating fruit_sorting_webots.egg-info
writing fruit_sorting_webots.egg-info/PKG-INFO
writing dependency_links to fruit_sorting_webots.egg-info/dependency_links.txt
writing entry points to fruit_sorting_webots.egg-info/entry_points.txt
writing requirements to fruit_sorting_webots.egg-info/requires.txt
writing top-level names to fruit_sorting_webots.egg-info/top_level.txt
writing manifest file 'fruit_sorting_webots.egg-info/SOURCES.txt'
reading manifest file 'fruit_sorting_webots.egg-info/SOURCES.txt'
writing manifest file 'fruit_sorting_webots.egg-info/SOURCES.txt'
running build_ext
Creating /home/lucas-pc/ws_fruit_sorting/install/fruit_sorting_webots/lib/python3.10/site-packages/fruit-sorting-webots.egg-link (link to .)

Installed /home/lucas-pc/ws_fruit_sorting/build/fruit_sorting_webots
running symlink_data
creating /home/lucas-pc/ws_fruit_sorting/install/fruit_sorting_webots/share/ament_index
creating /home/lucas-pc/ws_fruit_sorting/install/fruit_sorting_webots/share/ament_index/resource_index
creating /home/lucas-pc/ws_fruit_sorting/install/fruit_sorting_webots/share/ament_index/resource_index/packages
symbolically linking /home/lucas-pc/ws_fruit_sorting/build/fruit_sorting_webots/resource/fruit_sorting_webots -> /home/lucas-pc/ws_fruit_sorting/install/fruit_sorting_webots/share/ament_index/resource_index/packages
symbolically linking /home/lucas-pc/ws_fruit_sorting/build/fruit_sorting_webots/package.xml -> /home/lucas-pc/ws_fruit_sorting/install/fruit_sorting_webots/share/fruit_sorting_webots
creating /home/lucas-pc/ws_fruit_sorting/install/fruit_sorting_webots/share/fruit_sorting_webots/launch
symbolically linking /home/lucas-pc/ws_fruit_sorting/build/fruit_sorting_webots/launch/robot_launch.py -> /home/lucas-pc/ws_fruit_sorting/install/fruit_sorting_webots/share/fruit_sorting_webots/launch
symbolically linking /home/lucas-pc/ws_fruit_sorting/build/fruit_sorting_webots/launch/run_sim.launch.py -> /home/lucas-pc/ws_fruit_sorting/install/fruit_sorting_webots/share/fruit_sorting_webots/launch
creating /home/lucas-pc/ws_fruit_sorting/install/fruit_sorting_webots/share/fruit_sorting_webots/worlds
symbolically linking /home/lucas-pc/ws_fruit_sorting/build/fruit_sorting_webots/worlds/Universal Robot OpenCV.wbt -> /home/lucas-pc/ws_fruit_sorting/install/fruit_sorting_webots/share/fruit_sorting_webots/worlds
creating /home/lucas-pc/ws_fruit_sorting/install/fruit_sorting_webots/share/fruit_sorting_webots/worlds/obj
creating /home/lucas-pc/ws_fruit_sorting/install/fruit_sorting_webots/share/fruit_sorting_webots/worlds/obj/rail
symbolically linking /home/lucas-pc/ws_fruit_sorting/build/fruit_sorting_webots/worlds/obj/rail/rail.mtl -> /home/lucas-pc/ws_fruit_sorting/install/fruit_sorting_webots/share/fruit_sorting_webots/worlds/obj/rail
symbolically linking /home/lucas-pc/ws_fruit_sorting/build/fruit_sorting_webots/worlds/obj/rail/rail.obj -> /home/lucas-pc/ws_fruit_sorting/install/fruit_sorting_webots/share/fruit_sorting_webots/worlds/obj/rail
symbolically linking /home/lucas-pc/ws_fruit_sorting/build/fruit_sorting_webots/worlds/obj/rail/obj.mtl -> /home/lucas-pc/ws_fruit_sorting/install/fruit_sorting_webots/share/fruit_sorting_webots/worlds/obj/rail
creating /home/lucas-pc/ws_fruit_sorting/install/fruit_sorting_webots/share/fruit_sorting_webots/controllers
creating /home/lucas-pc/ws_fruit_sorting/install/fruit_sorting_webots/share/fruit_sorting_webots/controllers/fruit_sorting_ctrl_opencv
symbolically linking /home/lucas-pc/ws_fruit_sorting/build/fruit_sorting_webots/controllers/fruit_sorting_ctrl_opencv/03Green.png -> /home/lucas-pc/ws_fruit_sorting/install/fruit_sorting_webots/share/fruit_sorting_webots/controllers/fruit_sorting_ctrl_opencv/.
symbolically linking /home/lucas-pc/ws_fruit_sorting/build/fruit_sorting_webots/controllers/fruit_sorting_ctrl_opencv/01HSV.png -> /home/lucas-pc/ws_fruit_sorting/install/fruit_sorting_webots/share/fruit_sorting_webots/controllers/fruit_sorting_ctrl_opencv/.
symbolically linking /home/lucas-pc/ws_fruit_sorting/build/fruit_sorting_webots/controllers/fruit_sorting_ctrl_opencv/00Roi.png -> /home/lucas-pc/ws_fruit_sorting/install/fruit_sorting_webots/share/fruit_sorting_webots/controllers/fruit_sorting_ctrl_opencv/.
symbolically linking /home/lucas-pc/ws_fruit_sorting/build/fruit_sorting_webots/controllers/fruit_sorting_ctrl_opencv/02Orange.png -> /home/lucas-pc/ws_fruit_sorting/install/fruit_sorting_webots/share/fruit_sorting_webots/controllers/fruit_sorting_ctrl_opencv/.
symbolically linking /home/lucas-pc/ws_fruit_sorting/build/fruit_sorting_webots/controllers/fruit_sorting_ctrl_opencv/fruit_sorting_ctrl_opencv.py -> /home/lucas-pc/ws_fruit_sorting/install/fruit_sorting_webots/share/fruit_sorting_webots/controllers/fruit_sorting_ctrl_opencv/.
creating /home/lucas-pc/ws_fruit_sorting/install/fruit_sorting_webots/share/fruit_sorting_webots/controllers/fruit_sorting_ctrl_opencv/apple
symbolically linking /home/lucas-pc/ws_fruit_sorting/build/fruit_sorting_webots/controllers/fruit_sorting_ctrl_opencv/apple/03Green.png -> /home/lucas-pc/ws_fruit_sorting/install/fruit_sorting_webots/share/fruit_sorting_webots/controllers/fruit_sorting_ctrl_opencv/apple
symbolically linking /home/lucas-pc/ws_fruit_sorting/build/fruit_sorting_webots/controllers/fruit_sorting_ctrl_opencv/apple/01HSV.png -> /home/lucas-pc/ws_fruit_sorting/install/fruit_sorting_webots/share/fruit_sorting_webots/controllers/fruit_sorting_ctrl_opencv/apple
symbolically linking /home/lucas-pc/ws_fruit_sorting/build/fruit_sorting_webots/controllers/fruit_sorting_ctrl_opencv/apple/00Roi.png -> /home/lucas-pc/ws_fruit_sorting/install/fruit_sorting_webots/share/fruit_sorting_webots/controllers/fruit_sorting_ctrl_opencv/apple
creating /home/lucas-pc/ws_fruit_sorting/install/fruit_sorting_webots/share/fruit_sorting_webots/controllers/fruit_sorting_ctrl_opencv/orange
symbolically linking /home/lucas-pc/ws_fruit_sorting/build/fruit_sorting_webots/controllers/fruit_sorting_ctrl_opencv/orange/01HSV.png -> /home/lucas-pc/ws_fruit_sorting/install/fruit_sorting_webots/share/fruit_sorting_webots/controllers/fruit_sorting_ctrl_opencv/orange
symbolically linking /home/lucas-pc/ws_fruit_sorting/build/fruit_sorting_webots/controllers/fruit_sorting_ctrl_opencv/orange/00Roi.png -> /home/lucas-pc/ws_fruit_sorting/install/fruit_sorting_webots/share/fruit_sorting_webots/controllers/fruit_sorting_ctrl_opencv/orange
symbolically linking /home/lucas-pc/ws_fruit_sorting/build/fruit_sorting_webots/controllers/fruit_sorting_ctrl_opencv/orange/02Orange.png -> /home/lucas-pc/ws_fruit_sorting/install/fruit_sorting_webots/share/fruit_sorting_webots/controllers/fruit_sorting_ctrl_opencv/orange
